Watching for file changes with StatReloader
Watching for file changes with StatReloader
Error: That port is already in use.
None
[10/Oct/2025 05:27:10] "GET /swagger/ HTTP/1.1" 200 1639
[10/Oct/2025 05:27:11] "GET /swagger/?format=openapi HTTP/1.1" 200 34068
[10/Oct/2025 05:27:11] "GET /swagger/?format=openapi HTTP/1.1" 200 34068
[10/Oct/2025 05:27:44] "GET /swagger/ HTTP/1.1" 200 1639
[10/Oct/2025 05:27:44] "GET /swagger/?format=openapi HTTP/1.1" 200 34068
[10/Oct/2025 05:27:45] "GET /swagger/?format=openapi HTTP/1.1" 200 34068
Watching for file changes with StatReloader
Error: That port is already in use.
None
[10/Oct/2025 05:29:55] "GET /swagger/ HTTP/1.1" 200 1639
[10/Oct/2025 05:29:56] "GET /swagger/?format=openapi HTTP/1.1" 200 34068
[10/Oct/2025 05:29:57] "GET /swagger/?format=openapi HTTP/1.1" 200 34068
[10/Oct/2025 05:31:18] "GET / HTTP/1.1" 302 0
[10/Oct/2025 05:33:49] "GET /swagger/ HTTP/1.1" 200 1639
[10/Oct/2025 05:33:49] "GET /swagger/?format=openapi HTTP/1.1" 200 34068
[10/Oct/2025 05:33:50] "GET /swagger/?format=openapi HTTP/1.1" 200 34068
[10/Oct/2025 05:42:59] "GET /swagger/ HTTP/1.1" 200 1639
[10/Oct/2025 05:43:00] "GET /swagger/?format=openapi HTTP/1.1" 200 34068
[10/Oct/2025 05:43:00] "GET /swagger/?format=openapi HTTP/1.1" 200 34068
None
Watching for file changes with StatReloader
[10/Oct/2025 06:16:18] "GET / HTTP/1.1" 302 0
None
Watching for file changes with StatReloader
[10/Oct/2025 06:17:30] "GET / HTTP/1.1" 302 0
Watching for file changes with StatReloader
Watching for file changes with StatReloader
Error: That port is already in use.
None
Watching for file changes with StatReloader
Error: That port is already in use.
None
[10/Oct/2025 06:20:29] "GET / HTTP/1.1" 302 0
[10/Oct/2025 06:20:30] "GET /swagger/ HTTP/1.1" 200 1639
[10/Oct/2025 06:20:30] "GET /swagger/?format=openapi HTTP/1.1" 200 34066
[10/Oct/2025 06:20:31] "GET /swagger/?format=openapi HTTP/1.1" 200 34066
[10/Oct/2025 06:20:33] "GET /swagger/ HTTP/1.1" 200 1639
[10/Oct/2025 06:20:34] "GET /swagger/?format=openapi HTTP/1.1" 200 34066
[10/Oct/2025 06:20:34] "GET /swagger/?format=openapi HTTP/1.1" 200 34066
[10/Oct/2025 08:42:01] "GET /swagger/ HTTP/1.1" 200 1639
[10/Oct/2025 08:42:02] "GET /swagger/?format=openapi HTTP/1.1" 200 34066
None
None
